2025-03-02 15:01:25,759 - __main__ - INFO - Starting server on 127.0.0.1:5000
2025-03-02 15:01:25,760 - __main__ - INFO - Environment: development
2025-03-02 15:01:25,761 - __main__ - INFO - Debug mode: enabled
2025-03-02 15:01:25,762 - __main__ - INFO - Log file: C:\Users\mohaa\Desktop\Hospital Graduation\backend\logs\app.log
2025-03-02 15:01:25,762 - __main__ - INFO - Running in development mode with reloader
2025-03-02 15:01:25,947 - werkzeug - INFO - [31m[1mWARNING: This is a development server. Do not use it in a production deployment. Use a production WSGI server instead.[0m
 * Running on http://127.0.0.1:5000
2025-03-02 15:01:25,948 - werkzeug - INFO - [33mPress CTRL+C to quit[0m
2025-03-02 15:01:25,952 - werkzeug - INFO -  * Restarting with stat
2025-03-02 15:01:27,633 - __main__ - INFO - Starting server on 127.0.0.1:5000
2025-03-02 15:01:27,634 - __main__ - INFO - Environment: development
2025-03-02 15:01:27,636 - __main__ - INFO - Debug mode: enabled
2025-03-02 15:01:27,636 - __main__ - INFO - Log file: C:\Users\mohaa\Desktop\Hospital Graduation\backend\logs\app.log
2025-03-02 15:01:27,637 - __main__ - INFO - Running in development mode with reloader
2025-03-02 15:01:27,746 - werkzeug - WARNING -  * Debugger is active!
2025-03-02 15:01:27,754 - werkzeug - INFO -  * Debugger PIN: 911-785-762
2025-03-02 15:01:44,566 - werkzeug - INFO - 127.0.0.1 - - [02/Mar/2025 15:01:44] "GET / HTTP/1.1" 200 -
2025-03-02 15:03:01,820 - werkzeug - INFO -  * Detected change in 'C:\\Users\\mohaa\\Desktop\\Hospital Graduation\\backend\\run.py', reloading
2025-03-02 15:03:03,502 - werkzeug - INFO -  * Restarting with stat
2025-03-02 15:14:11,344 - __main__ - INFO - Starting server on 127.0.0.1:5000
2025-03-02 15:14:11,346 - __main__ - INFO - Environment: development
2025-03-02 15:14:11,346 - __main__ - INFO - Debug mode: enabled
2025-03-02 15:14:11,347 - __main__ - INFO - Log file: C:\Users\mohaa\Desktop\Hospital Graduation\backend\logs\app.log
2025-03-02 15:14:11,347 - __main__ - INFO - Running in development mode with reloader
2025-03-02 15:14:11,794 - werkzeug - INFO - [31m[1mWARNING: This is a development server. Do not use it in a production deployment. Use a production WSGI server instead.[0m
 * Running on http://127.0.0.1:5000
2025-03-02 15:14:11,824 - werkzeug - INFO - [33mPress CTRL+C to quit[0m
2025-03-02 15:14:11,845 - werkzeug - INFO -  * Restarting with stat
2025-03-02 15:14:14,059 - __main__ - INFO - Starting server on 127.0.0.1:5000
2025-03-02 15:14:14,060 - __main__ - INFO - Environment: development
2025-03-02 15:14:14,061 - __main__ - INFO - Debug mode: enabled
2025-03-02 15:14:14,062 - __main__ - INFO - Log file: C:\Users\mohaa\Desktop\Hospital Graduation\backend\logs\app.log
2025-03-02 15:14:14,062 - __main__ - INFO - Running in development mode with reloader
2025-03-02 15:14:14,151 - werkzeug - WARNING -  * Debugger is active!
2025-03-02 15:14:14,156 - werkzeug - INFO -  * Debugger PIN: 911-785-762
2025-03-02 15:27:04,377 - werkzeug - INFO -  * Detected change in 'C:\\Users\\mohaa\\Desktop\\Hospital Graduation\\backend\\app\\utils\\extensions.py', reloading
2025-03-02 15:27:05,673 - werkzeug - INFO -  * Restarting with stat
2025-03-02 15:27:11,340 - __main__ - INFO - Starting server on 127.0.0.1:5000
2025-03-02 15:27:11,353 - __main__ - INFO - Environment: development
2025-03-02 15:27:11,356 - __main__ - INFO - Debug mode: enabled
2025-03-02 15:27:11,357 - __main__ - INFO - Log file: C:\Users\mohaa\Desktop\Hospital Graduation\backend\logs\app.log
2025-03-02 15:27:11,357 - __main__ - INFO - Running in development mode with reloader
2025-03-02 15:27:11,949 - werkzeug - WARNING -  * Debugger is active!
2025-03-02 15:27:12,232 - werkzeug - INFO -  * Debugger PIN: 911-785-762
2025-03-02 16:21:57,196 - __main__ - INFO - Starting server on 127.0.0.1:5000
2025-03-02 16:21:57,197 - __main__ - INFO - Environment: development
2025-03-02 16:21:57,197 - __main__ - INFO - Debug mode: enabled
2025-03-02 16:21:57,199 - __main__ - INFO - Log file: C:\Users\mohaa\Desktop\Hospital Graduation\backend\logs\app.log
2025-03-02 16:21:57,200 - __main__ - INFO - Running in development mode with reloader
2025-03-02 16:21:57,316 - werkzeug - INFO - [31m[1mWARNING: This is a development server. Do not use it in a production deployment. Use a production WSGI server instead.[0m
 * Running on http://127.0.0.1:5000
2025-03-02 16:21:57,317 - werkzeug - INFO - [33mPress CTRL+C to quit[0m
2025-03-02 16:21:57,322 - werkzeug - INFO -  * Restarting with stat
2025-03-02 16:21:58,449 - __main__ - INFO - Starting server on 127.0.0.1:5000
2025-03-02 16:21:58,453 - __main__ - INFO - Environment: development
2025-03-02 16:21:58,455 - __main__ - INFO - Debug mode: enabled
2025-03-02 16:21:58,455 - __main__ - INFO - Log file: C:\Users\mohaa\Desktop\Hospital Graduation\backend\logs\app.log
2025-03-02 16:21:58,456 - __main__ - INFO - Running in development mode with reloader
2025-03-02 16:21:58,515 - werkzeug - WARNING -  * Debugger is active!
2025-03-02 16:21:58,520 - werkzeug - INFO -  * Debugger PIN: 911-785-762
2025-03-02 17:36:09,165 - werkzeug - INFO -  * Detected change in 'C:\\Users\\mohaa\\Desktop\\Hospital Graduation\\backend\\app\\__init__.py', reloading
2025-03-02 17:36:09,617 - werkzeug - INFO -  * Restarting with stat
2025-03-02 17:36:22,909 - __main__ - INFO - Starting server on 127.0.0.1:5000
2025-03-02 17:36:22,911 - __main__ - INFO - Environment: development
2025-03-02 17:36:22,912 - __main__ - INFO - Debug mode: enabled
2025-03-02 17:36:22,914 - __main__ - INFO - Log file: C:\Users\mohaa\Desktop\Hospital Graduation\backend\logs\app.log
2025-03-02 17:36:22,916 - __main__ - INFO - Running in development mode with reloader
2025-03-02 17:36:23,020 - werkzeug - INFO - [31m[1mWARNING: This is a development server. Do not use it in a production deployment. Use a production WSGI server instead.[0m
 * Running on http://127.0.0.1:5000
2025-03-02 17:36:23,020 - werkzeug - INFO - [33mPress CTRL+C to quit[0m
2025-03-02 17:36:23,023 - werkzeug - INFO -  * Restarting with stat
2025-03-02 17:36:23,924 - __main__ - INFO - Starting server on 127.0.0.1:5000
2025-03-02 17:36:23,925 - __main__ - INFO - Environment: development
2025-03-02 17:36:23,925 - __main__ - INFO - Debug mode: enabled
2025-03-02 17:36:23,925 - __main__ - INFO - Log file: C:\Users\mohaa\Desktop\Hospital Graduation\backend\logs\app.log
2025-03-02 17:36:23,926 - __main__ - INFO - Running in development mode with reloader
2025-03-02 17:36:23,975 - werkzeug - WARNING -  * Debugger is active!
2025-03-02 17:36:23,979 - werkzeug - INFO -  * Debugger PIN: 911-785-762
2025-03-02 17:37:31,031 - werkzeug - INFO - 127.0.0.1 - - [02/Mar/2025 17:37:31] "[33mGET /api/test HTTP/1.1[0m" 404 -
2025-03-02 17:38:20,478 - werkzeug - INFO - 127.0.0.1 - - [02/Mar/2025 17:38:20] "[33mGET /api/test HTTP/1.1[0m" 404 -
2025-03-02 17:38:20,485 - werkzeug - INFO - 127.0.0.1 - - [02/Mar/2025 17:38:20] "[33mGET /api/test HTTP/1.1[0m" 404 -
2025-03-02 17:39:51,762 - werkzeug - INFO -  * Detected change in 'C:\\Users\\mohaa\\Desktop\\Hospital Graduation\\backend\\app\\routes\\main.py', reloading
2025-03-02 17:39:52,428 - werkzeug - INFO -  * Restarting with stat
2025-03-02 17:39:54,493 - __main__ - ERROR - Error starting server: No module named 'numpy'
Traceback (most recent call last):
  File "C:\Users\mohaa\Desktop\Hospital Graduation\backend\run.py", line 81, in main
    app = create_app()
  File "C:\Users\mohaa\Desktop\Hospital Graduation\backend\app\__init__.py", line 13, in create_app
    from app.routes import main
  File "C:\Users\mohaa\Desktop\Hospital Graduation\backend\app\routes\main.py", line 2, in <module>
    import numpy as np
ModuleNotFoundError: No module named 'numpy'
2025-03-02 17:40:36,599 - __main__ - ERROR - Error starting server: name 'Flask' is not defined
Traceback (most recent call last):
  File "C:\Users\mohaa\Desktop\Hospital Graduation\backend\run.py", line 81, in main
    app = create_app()
  File "C:\Users\mohaa\Desktop\Hospital Graduation\backend\app\__init__.py", line 4, in create_app
    app = Flask(__name__)
          ^^^^^
NameError: name 'Flask' is not defined
2025-03-02 17:40:47,208 - __main__ - INFO - Starting server on 127.0.0.1:5000
2025-03-02 17:40:47,209 - __main__ - INFO - Environment: development
2025-03-02 17:40:47,211 - __main__ - INFO - Debug mode: enabled
2025-03-02 17:40:47,211 - __main__ - INFO - Log file: C:\Users\mohaa\Desktop\Hospital Graduation\backend\logs\app.log
2025-03-02 17:40:47,213 - __main__ - INFO - Running in development mode with reloader
2025-03-02 17:40:47,299 - werkzeug - INFO - [31m[1mWARNING: This is a development server. Do not use it in a production deployment. Use a production WSGI server instead.[0m
 * Running on http://127.0.0.1:5000
2025-03-02 17:40:47,300 - werkzeug - INFO - [33mPress CTRL+C to quit[0m
2025-03-02 17:40:47,302 - werkzeug - INFO -  * Restarting with stat
2025-03-02 17:40:48,201 - __main__ - INFO - Starting server on 127.0.0.1:5000
2025-03-02 17:40:48,203 - __main__ - INFO - Environment: development
2025-03-02 17:40:48,203 - __main__ - INFO - Debug mode: enabled
2025-03-02 17:40:48,205 - __main__ - INFO - Log file: C:\Users\mohaa\Desktop\Hospital Graduation\backend\logs\app.log
2025-03-02 17:40:48,205 - __main__ - INFO - Running in development mode with reloader
2025-03-02 17:40:48,275 - werkzeug - WARNING -  * Debugger is active!
2025-03-02 17:40:48,281 - werkzeug - INFO -  * Debugger PIN: 911-785-762
2025-03-02 18:09:47,579 - werkzeug - INFO -  * Detected change in 'C:\\Users\\mohaa\\Desktop\\Hospital Graduation\\backend\\app\\routes\\main.py', reloading
2025-03-02 18:09:48,182 - werkzeug - INFO -  * Restarting with stat
2025-03-02 18:09:49,716 - __main__ - ERROR - Error starting server: invalid syntax (main.py, line 10)
Traceback (most recent call last):
  File "C:\Users\mohaa\Desktop\Hospital Graduation\backend\run.py", line 81, in main
    app = create_app()
  File "C:\Users\mohaa\Desktop\Hospital Graduation\backend\app\__init__.py", line 13, in create_app
    from app.routes import main
  File "C:\Users\mohaa\Desktop\Hospital Graduation\backend\app\routes\main.py", line 10
    "user":[
          ^
SyntaxError: invalid syntax
2025-03-02 18:10:54,312 - __main__ - INFO - Starting server on 127.0.0.1:5000
2025-03-02 18:10:54,315 - __main__ - INFO - Environment: development
2025-03-02 18:10:54,318 - __main__ - INFO - Debug mode: enabled
2025-03-02 18:10:54,319 - __main__ - INFO - Log file: C:\Users\mohaa\Desktop\Hospital Graduation\backend\logs\app.log
2025-03-02 18:10:54,319 - __main__ - INFO - Running in development mode with reloader
2025-03-02 18:10:54,436 - werkzeug - INFO - [31m[1mWARNING: This is a development server. Do not use it in a production deployment. Use a production WSGI server instead.[0m
 * Running on http://127.0.0.1:5000
2025-03-02 18:10:54,436 - werkzeug - INFO - [33mPress CTRL+C to quit[0m
2025-03-02 18:10:54,438 - werkzeug - INFO -  * Restarting with stat
2025-03-02 18:10:55,359 - __main__ - INFO - Starting server on 127.0.0.1:5000
2025-03-02 18:10:55,361 - __main__ - INFO - Environment: development
2025-03-02 18:10:55,361 - __main__ - INFO - Debug mode: enabled
2025-03-02 18:10:55,362 - __main__ - INFO - Log file: C:\Users\mohaa\Desktop\Hospital Graduation\backend\logs\app.log
2025-03-02 18:10:55,363 - __main__ - INFO - Running in development mode with reloader
2025-03-02 18:10:55,410 - werkzeug - WARNING -  * Debugger is active!
2025-03-02 18:10:55,415 - werkzeug - INFO -  * Debugger PIN: 911-785-762
2025-03-02 18:14:26,013 - werkzeug - INFO - 127.0.0.1 - - [02/Mar/2025 18:14:26] "GET / HTTP/1.1" 200 -
2025-03-02 18:14:44,173 - werkzeug - INFO - 127.0.0.1 - - [02/Mar/2025 18:14:44] "GET / HTTP/1.1" 200 -
2025-03-02 18:14:44,188 - werkzeug - INFO - 127.0.0.1 - - [02/Mar/2025 18:14:44] "GET / HTTP/1.1" 200 -
2025-03-02 18:15:47,870 - werkzeug - INFO - 127.0.0.1 - - [02/Mar/2025 18:15:47] "GET / HTTP/1.1" 200 -
2025-03-02 18:15:47,947 - werkzeug - INFO - 127.0.0.1 - - [02/Mar/2025 18:15:47] "GET / HTTP/1.1" 200 -
2025-03-02 18:17:32,456 - werkzeug - INFO -  * Detected change in 'C:\\Users\\mohaa\\Desktop\\Hospital Graduation\\backend\\app\\routes\\main.py', reloading
2025-03-02 18:17:32,760 - werkzeug - INFO -  * Restarting with stat
2025-03-02 18:17:35,541 - __main__ - INFO - Starting server on 127.0.0.1:5000
2025-03-02 18:17:35,546 - __main__ - INFO - Environment: development
2025-03-02 18:17:35,548 - __main__ - INFO - Debug mode: enabled
2025-03-02 18:17:35,550 - __main__ - INFO - Log file: C:\Users\mohaa\Desktop\Hospital Graduation\backend\logs\app.log
2025-03-02 18:17:35,551 - __main__ - INFO - Running in development mode with reloader
2025-03-02 18:17:35,590 - werkzeug - WARNING -  * Debugger is active!
2025-03-02 18:17:35,594 - werkzeug - INFO -  * Debugger PIN: 911-785-762
2025-03-02 18:43:27,218 - werkzeug - INFO - 127.0.0.1 - - [02/Mar/2025 18:43:27] "GET / HTTP/1.1" 200 -
2025-03-02 18:43:27,242 - werkzeug - INFO - 127.0.0.1 - - [02/Mar/2025 18:43:27] "GET / HTTP/1.1" 200 -
